[2020-01-31 23:55:36] Start:MetricHunterTask
MetricHunter 8.2.0 - Python (build 8717#45192 Win64) - (C) 2001-2016 FrontEndART Ltd.
Warning: Metric 'WarningBlocker' is not calculated for the 'Class' entities!
Warning: Rule for the following threshold configuration has not been built into the graph!
m_id: WarningBlocker Relation:gt Value:0 Entities: Class
Warning: Metric 'WarningCritical' is not calculated for the 'Class' entities!
Warning: Rule for the following threshold configuration has not been built into the graph!
m_id: WarningCritical Relation:gt Value:0 Entities: Class
Warning: Metric 'WarningMajor' is not calculated for the 'Class' entities!
Warning: Rule for the following threshold configuration has not been built into the graph!
m_id: WarningMajor Relation:gt Value:0 Entities: Class
Warning: Metric 'WarningMinor' is not calculated for the 'Class' entities!
Warning: Rule for the following threshold configuration has not been built into the graph!
m_id: WarningMinor Relation:gt Value:0 Entities: Class
Warning: Metric 'WarningBlocker' is not calculated for the 'Method' entities!
Warning: Rule for the following threshold configuration has not been built into the graph!
m_id: WarningBlocker Relation:gt Value:0 Entities: Method
Warning: Metric 'WarningBlocker' is not calculated for the 'Function' entities!
Warning: Rule for the following threshold configuration has not been built into the graph!
m_id: WarningBlocker Relation:gt Value:0 Entities: Function
Warning: Metric 'WarningCritical' is not calculated for the 'Method' entities!
Warning: Rule for the following threshold configuration has not been built into the graph!
m_id: WarningCritical Relation:gt Value:0 Entities: Method
Warning: Metric 'WarningCritical' is not calculated for the 'Function' entities!
Warning: Rule for the following threshold configuration has not been built into the graph!
m_id: WarningCritical Relation:gt Value:0 Entities: Function
Warning: Metric 'WarningMajor' is not calculated for the 'Method' entities!
Warning: Rule for the following threshold configuration has not been built into the graph!
m_id: WarningMajor Relation:gt Value:0 Entities: Method
Warning: Metric 'WarningMajor' is not calculated for the 'Function' entities!
Warning: Rule for the following threshold configuration has not been built into the graph!
m_id: WarningMajor Relation:gt Value:0 Entities: Function
Warning: Metric 'WarningMinor' is not calculated for the 'Method' entities!
Warning: Rule for the following threshold configuration has not been built into the graph!
m_id: WarningMinor Relation:gt Value:0 Entities: Method
Warning: Metric 'WarningMinor' is not calculated for the 'Function' entities!
Warning: Rule for the following threshold configuration has not been built into the graph!
m_id: WarningMinor Relation:gt Value:0 Entities: Function
Warning: Metric 'NCR' is not calculated for the 'Class' entities!
Warning: Rule for the following threshold configuration has not been built into the graph!
m_id: NCR Relation:gt Value:4 Entities: Class
Succesfully added 0 warnings! 
Graph saved successfully to F:\Facultate -- Master 1\Metrici software si inginerie calitatii\SourceMeter-8.2.0-x64-windows\SourceMeter-8.2.0-x64-windows\Python\Final_results\seq2seq2\python\2020-01-31_23-55-33\seq2seq2.graph! 
[2020-01-31 23:55:36] End:MetricHunterTask Result:OK
